number,value,datetime_start,datetime_complete,duration,params_C,system_attrs_tpe:relative_params:0,state
0,0.875,2026-10-05 03:44:33.355713,2026-10-05 03:44:33.480300,0 days 00:00:00.124587,0.008485178593910372,,COMPLETE
1,0.95,2026-10-05 03:44:33.480300,2026-10-05 03:44:33.580396,0 days 00:00:00.100096,2.1032665471007275,,COMPLETE
2,0.875,2026-10-05 03:44:33.580396,2026-10-05 03:44:33.679532,0 days 00:00:00.099136,0.005896429083696362,,COMPLETE
3,0.925,2026-10-05 03:44:33.679532,2026-10-05 03:44:33.811655,0 days 00:00:00.132123,0.04922984413787554,,COMPLETE
4,0.95,2026-10-05 03:44:33.811655,2026-10-05 03:44:33.881006,0 days 00:00:00.069351,3.963809326455033,,COMPLETE
5,0.95,2026-10-05 03:44:33.881006,2026-10-05 03:44:33.968421,0 days 00:00:00.087415,6.198088015015416,,COMPLETE
6,0.95,2026-10-05 03:44:33.968421,2026-10-05 03:44:34.020507,0 days 00:00:00.052086,35.64565738892476,,COMPLETE
7,0.9,2026-10-05 03:44:34.021509,2026-10-05 03:44:34.122942,0 days 00:00:00.101433,0.017139929070013354,,COMPLETE
8,0.95,2026-10-05 03:44:34.123950,2026-10-05 03:44:34.199483,0 days 00:00:00.075533,3.161466286162113,,COMPLETE
9,0.95,2026-10-05 03:44:34.199483,2026-10-05 03:44:34.273724,0 days 00:00:00.074241,4.413566496125008,,COMPLETE
10,0.95,2026-10-05 03:44:34.273724,2026-10-05 03:44:34.392899,0 days 00:00:00.119175,0.18274507838246845,"{""C"": 0.18274507838246845}",COMPLETE
11,0.95,2026-10-05 03:44:34.392899,2026-10-05 03:44:34.484844,0 days 00:00:00.091945,0.4595111100989499,"{""C"": 0.4595111100989499}",COMPLETE
12,0.95,2026-10-05 03:44:34.485844,2026-10-05 03:44:34.537282,0 days 00:00:00.051438,52.43312534401897,"{""C"": 52.43312534401897}",COMPLETE
13,0.95,2026-10-05 03:44:34.537282,2026-10-05 03:44:34.621196,0 days 00:00:00.083914,0.8965917782419621,"{""C"": 0.8965917782419621}",COMPLETE
14,0.825,2026-10-05 03:44:34.621196,2026-10-05 03:44:34.678709,0 days 00:00:00.057513,0.0012120429161995771,"{""C"": 0.0012120429161995771}",COMPLETE
15,0.95,2026-10-05 03:44:34.679694,2026-10-05 03:44:34.731835,0 days 00:00:00.052141,14.718362748132899,"{""C"": 14.718362748132899}",COMPLETE
16,0.95,2026-10-05 03:44:34.732834,2026-10-05 03:44:34.821315,0 days 00:00:00.088481,1.2521093862461512,"{""C"": 1.2521093862461512}",COMPLETE
17,0.925,2026-10-05 03:44:34.821315,2026-10-05 03:44:34.998841,0 days 00:00:00.177526,0.1252388988868402,"{""C"": 0.1252388988868402}",COMPLETE
18,0.925,2026-10-05 03:44:34.998841,2026-10-05 03:44:35.047162,0 days 00:00:00.048321,98.00566460587713,"{""C"": 98.00566460587713}",COMPLETE
19,0.95,2026-10-05 03:44:35.047162,2026-10-05 03:44:35.115841,0 days 00:00:00.068679,14.154017878716727,"{""C"": 14.154017878716727}",COMPLETE
