number,value,datetime_start,datetime_complete,duration,params_C,system_attrs_tpe:relative_params:0,state
0,0.825,2026-10-05 04:36:13.972865,2026-10-05 04:36:14.075672,0 days 00:00:00.102807,0.13357228906577878,,COMPLETE
1,0.7,2026-10-05 04:36:14.076670,2026-10-05 04:36:14.118701,0 days 00:00:00.042031,0.0028060851155521215,,COMPLETE
2,0.9,2026-10-05 04:36:14.120208,2026-10-05 04:36:14.218751,0 days 00:00:00.098543,0.9257566433351685,,COMPLETE
3,0.825,2026-10-05 04:36:14.218751,2026-10-05 04:36:14.287229,0 days 00:00:00.068478,0.05458528030839772,,COMPLETE
4,0.925,2026-10-05 04:36:14.287229,2026-10-05 04:36:14.332806,0 days 00:00:00.045577,32.66548689686488,,COMPLETE
5,0.75,2026-10-05 04:36:14.332806,2026-10-05 04:36:14.372434,0 days 00:00:00.039628,0.008046095219759877,,COMPLETE
6,0.725,2026-10-05 04:36:14.372434,2026-10-05 04:36:14.404980,0 days 00:00:00.032546,0.0010020638389157017,,COMPLETE
7,0.75,2026-10-05 04:36:14.404980,2026-10-05 04:36:14.453987,0 days 00:00:00.049007,0.003571338495352449,,COMPLETE
8,0.95,2026-10-05 04:36:14.455493,2026-10-05 04:36:14.517340,0 days 00:00:00.061847,9.370679288479915,,COMPLETE
9,0.825,2026-10-05 04:36:14.518339,2026-10-05 04:36:14.588520,0 days 00:00:00.070181,0.23001680429903598,,COMPLETE
10,0.9,2026-10-05 04:36:14.588520,2026-10-05 04:36:14.625641,0 days 00:00:00.037121,92.30136047970437,"{""C"": 92.30136047970437}",COMPLETE
11,0.975,2026-10-05 04:36:14.625641,2026-10-05 04:36:14.684787,0 days 00:00:00.059146,21.307672209973603,"{""C"": 21.307672209973603}",COMPLETE
12,0.95,2026-10-05 04:36:14.685787,2026-10-05 04:36:14.761611,0 days 00:00:00.075824,8.014441174809695,"{""C"": 8.014441174809695}",COMPLETE
13,0.95,2026-10-05 04:36:14.762620,2026-10-05 04:36:14.836158,0 days 00:00:00.073538,5.994593334262539,"{""C"": 5.994593334262539}",COMPLETE
14,0.925,2026-10-05 04:36:14.837588,2026-10-05 04:36:14.894840,0 days 00:00:00.057252,3.5417197827557283,"{""C"": 3.5417197827557283}",COMPLETE
15,0.95,2026-10-05 04:36:14.895841,2026-10-05 04:36:14.948463,0 days 00:00:00.052622,16.87865755850888,"{""C"": 16.87865755850888}",COMPLETE
16,0.9,2026-10-05 04:36:14.949445,2026-10-05 04:36:15.043632,0 days 00:00:00.094187,1.5954715777855881,"{""C"": 1.5954715777855881}",COMPLETE
17,0.925,2026-10-05 04:36:15.044679,2026-10-05 04:36:15.098618,0 days 00:00:00.053939,40.321555208768814,"{""C"": 40.321555208768814}",COMPLETE
18,0.9,2026-10-05 04:36:15.098618,2026-10-05 04:36:15.198783,0 days 00:00:00.100165,0.6029137677292834,"{""C"": 0.6029137677292834}",COMPLETE
19,0.95,2026-10-05 04:36:15.198783,2026-10-05 04:36:15.264444,0 days 00:00:00.065661,13.985522790536107,"{""C"": 13.985522790536107}",COMPLETE
