number,value,datetime_start,datetime_complete,duration,params_C,system_attrs_tpe:relative_params:0,state
0,0.95,2026-10-05 04:17:40.277930,2026-10-05 04:17:40.378303,0 days 00:00:00.100373,0.271120076510627,,COMPLETE
1,0.95,2026-10-05 04:17:40.379305,2026-10-05 04:17:40.486007,0 days 00:00:00.106702,2.917605059685403,,COMPLETE
2,0.95,2026-10-05 04:17:40.486007,2026-10-05 04:17:40.553715,0 days 00:00:00.067708,5.1832239646686995,,COMPLETE
3,0.925,2026-10-05 04:17:40.553715,2026-10-05 04:17:40.697922,0 days 00:00:00.144207,0.04000520514460703,,COMPLETE
4,0.85,2026-10-05 04:17:40.697922,2026-10-05 04:17:40.786830,0 days 00:00:00.088908,0.0036452212878901476,,COMPLETE
5,0.95,2026-10-05 04:17:40.786830,2026-10-05 04:17:40.873766,0 days 00:00:00.086936,0.3773096489918844,,COMPLETE
6,0.95,2026-10-05 04:17:40.873766,2026-10-05 04:17:40.959411,0 days 00:00:00.085645,6.358240543203778,,COMPLETE
7,0.95,2026-10-05 04:17:40.959411,2026-10-05 04:17:41.063204,0 days 00:00:00.103793,0.7896038855977117,,COMPLETE
8,0.925,2026-10-05 04:17:41.063204,2026-10-05 04:17:41.218514,0 days 00:00:00.155310,0.06521326962128417,,COMPLETE
9,0.95,2026-10-05 04:17:41.218514,2026-10-05 04:17:41.314105,0 days 00:00:00.095591,0.2837326289136514,,COMPLETE
10,0.95,2026-10-05 04:17:41.314105,2026-10-05 04:17:41.382165,0 days 00:00:00.068060,45.34220426935535,"{""C"": 45.34220426935535}",COMPLETE
11,0.95,2026-10-05 04:17:41.382165,2026-10-05 04:17:41.482555,0 days 00:00:00.100390,5.211944329992951,"{""C"": 5.211944329992951}",COMPLETE
12,0.95,2026-10-05 04:17:41.483560,2026-10-05 04:17:41.535982,0 days 00:00:00.052422,51.48277061206278,"{""C"": 51.48277061206278}",COMPLETE
13,0.875,2026-10-05 04:17:41.537548,2026-10-05 04:17:41.650144,0 days 00:00:00.112596,0.010602780056639298,"{""C"": 0.010602780056639298}",COMPLETE
14,0.95,2026-10-05 04:17:41.650144,2026-10-05 04:17:41.740189,0 days 00:00:00.090045,1.6470922244063142,"{""C"": 1.6470922244063142}",COMPLETE
15,0.925,2026-10-05 04:17:41.741188,2026-10-05 04:17:41.946876,0 days 00:00:00.205688,0.0950452095853194,"{""C"": 0.0950452095853194}",COMPLETE
16,0.95,2026-10-05 04:17:41.947893,2026-10-05 04:17:42.033595,0 days 00:00:00.085702,2.1164294291893615,"{""C"": 2.1164294291893615}",COMPLETE
17,0.95,2026-10-05 04:17:42.033595,2026-10-05 04:17:42.107656,0 days 00:00:00.074061,15.1208165256968,"{""C"": 15.1208165256968}",COMPLETE
18,0.825,2026-10-05 04:17:42.108673,2026-10-05 04:17:42.176553,0 days 00:00:00.067880,0.0010727059313208136,"{""C"": 0.0010727059313208136}",COMPLETE
19,0.95,2026-10-05 04:17:42.176553,2026-10-05 04:17:42.289863,0 days 00:00:00.113310,0.20404800872246198,"{""C"": 0.20404800872246198}",COMPLETE
