number,value,datetime_start,datetime_complete,duration,params_C,system_attrs_tpe:relative_params:0,state
0,0.65,2026-10-05 04:27:59.334647,2026-10-05 04:27:59.380986,0 days 00:00:00.046339,0.14832643302483356,,COMPLETE
1,0.55,2026-10-05 04:27:59.381986,2026-10-05 04:27:59.404399,0 days 00:00:00.022413,0.0037824669626617615,,COMPLETE
2,0.825,2026-10-05 04:27:59.404399,2026-10-05 04:27:59.477863,0 days 00:00:00.073464,4.051725854534985,,COMPLETE
3,0.85,2026-10-05 04:27:59.477863,2026-10-05 04:27:59.521540,0 days 00:00:00.043677,67.20647586238367,,COMPLETE
4,0.875,2026-10-05 04:27:59.521540,2026-10-05 04:27:59.562939,0 days 00:00:00.041399,10.955878598448816,,COMPLETE
5,0.55,2026-10-05 04:27:59.563939,2026-10-05 04:27:59.583852,0 days 00:00:00.019913,0.00101731955169838,,COMPLETE
6,0.675,2026-10-05 04:27:59.583852,2026-10-05 04:27:59.638550,0 days 00:00:00.054698,0.4059917388338625,,COMPLETE
7,0.875,2026-10-05 04:27:59.638550,2026-10-05 04:27:59.685081,0 days 00:00:00.046531,36.76105884007116,,COMPLETE
8,0.575,2026-10-05 04:27:59.686108,2026-10-05 04:27:59.711003,0 days 00:00:00.024895,0.008665129967825999,,COMPLETE
9,0.875,2026-10-05 04:27:59.711003,2026-10-05 04:27:59.763339,0 days 00:00:00.052336,32.21407699207461,,COMPLETE
10,0.65,2026-10-05 04:27:59.763339,2026-10-05 04:27:59.826118,0 days 00:00:00.062779,0.12512952931337581,"{""C"": 0.12512952931337581}",COMPLETE
11,0.85,2026-10-05 04:27:59.827116,2026-10-05 04:27:59.917376,0 days 00:00:00.090260,5.733715992238253,"{""C"": 5.733715992238253}",COMPLETE
12,0.85,2026-10-05 04:27:59.918881,2026-10-05 04:27:59.994091,0 days 00:00:00.075210,7.073337669714044,"{""C"": 7.073337669714044}",COMPLETE
13,0.8,2026-10-05 04:27:59.994091,2026-10-05 04:28:00.089539,0 days 00:00:00.095448,1.157460053290891,"{""C"": 1.157460053290891}",COMPLETE
14,0.875,2026-10-05 04:28:00.089539,2026-10-05 04:28:00.138508,0 days 00:00:00.048969,23.72420250991029,"{""C"": 23.72420250991029}",COMPLETE
15,0.875,2026-10-05 04:28:00.139013,2026-10-05 04:28:00.183441,0 days 00:00:00.044428,16.558465146002842,"{""C"": 16.558465146002842}",COMPLETE
16,0.8,2026-10-05 04:28:00.183441,2026-10-05 04:28:00.260187,0 days 00:00:00.076746,1.6746531105900373,"{""C"": 1.6746531105900373}",COMPLETE
17,0.875,2026-10-05 04:28:00.261186,2026-10-05 04:28:00.301409,0 days 00:00:00.040223,61.60029081979483,"{""C"": 61.60029081979483}",COMPLETE
18,0.875,2026-10-05 04:28:00.301409,2026-10-05 04:28:00.354426,0 days 00:00:00.053017,94.07040202223168,"{""C"": 94.07040202223168}",COMPLETE
19,0.875,2026-10-05 04:28:00.355432,2026-10-05 04:28:00.422386,0 days 00:00:00.066954,11.86516994373275,"{""C"": 11.86516994373275}",COMPLETE
